<?xml version="1.0" encoding="UTF-8"?>
<!-- Generated by org.testng.reporters.JUnitReportReporter -->
<testsuite hostname="thinker" name="com.swat.example.tests.LoginPositiveTest" tests="1" failures="0" timestamp="18 Jun 2012 21:59:16 GMT" time="18.583" errors="0">
  <testcase name="loginAsAdminPositive" time="18.583" classname="com.swat.example.tests.LoginPositiveTest"/>
</testsuite>
