<?xml version="1.0" encoding="UTF-8"?>
<!-- Generated by org.testng.reporters.JUnitReportReporter -->
<testsuite hostname="thinker" name="com.swat.example.tests.BookTest" tests="1" failures="0" timestamp="31 May 2012 17:39:05 GMT" time="21.662" errors="0">
  <testcase name="shouldFindText" time="21.662" classname="com.swat.example.tests.BookTest"/>
</testsuite>
